#
# There is insufficient memory for the Java Runtime Environment to continue.
# Native memory allocation (malloc) failed to allocate 131088 bytes for Chunk::new
# Possible reasons:
#   The system is out of physical RAM or swap space
#   The process is running with CompressedOops enabled, and the Java Heap may be blocking the growth of the native heap
# Possible solutions:
#   Reduce memory load on the system
#   Increase physical memory or swap space
#   Check if swap backing store is full
#   Decrease Java heap size (-Xmx/-Xms)
#   Decrease number of Java threads
#   Decrease Java thread stack sizes (-Xss)
#   Set larger code cache with -XX:ReservedCodeCacheSize=
#   JVM is running with Unscaled Compressed Oops mode in which the Java heap is
#     placed in the first 4GB address space. The Java Heap base address is the
#     maximum limit for the native heap growth. Please use -XX:HeapBaseMinAddress
#     to set the Java Heap base and to place the Java Heap above 4GB virtual address.
# This output file may be truncated or incomplete.
#
#  Out of Memory Error (allocation.cpp:389), pid=12060, tid=0x0000000000000734
#
# JRE version: OpenJDK Runtime Environment (8.0_202-b03) (build 1.8.0_202-release-1483-b03)
# Java VM: OpenJDK 64-Bit Server VM (25.202-b03 mixed mode windows-amd64 compressed oops)
# Failed to write core dump. Minidumps are not enabled by default on client versions of Windows
#

---------------  T H R E A D  ---------------

Current thread (0x0000000016045000):  JavaThread "C2 CompilerThread1" daemon [_thread_in_native, id=1844, stack(0x0000000017780000,0x0000000017880000)]

Stack: [0x0000000017780000,0x0000000017880000]
[error occurred during error reporting (printing stack bounds), id 0xc0000005]

Native frames: (J=compiled Java code, j=interpreted, Vv=VM code, C=native code)


Current CompileTask:
C2:   7453 3911   !   4       com.sun.beans.TypeResolver::resolve (274 bytes)


---------------  P R O C E S S  ---------------

Java Threads: ( => current thread )
  0x000000001be33000 JavaThread "Cache worker for Build Output Cleanup Cache (C:\Users\ardi_\AndroidStudioProjects\RemindMe\.gradle\buildOutputCleanup)" [_thread_blocked, id=5564, stack(0x00000000220c0000,0x00000000221c0000)]
  0x000000001be32000 JavaThread "Build operations Thread 4" [_thread_blocked, id=2180, stack(0x0000000021680000,0x0000000021780000)]
  0x000000001be31800 JavaThread "Build operations Thread 3" [_thread_blocked, id=9628, stack(0x0000000021580000,0x0000000021680000)]
  0x000000001be30800 JavaThread "Build operations Thread 2" [_thread_blocked, id=11760, stack(0x00000000211f0000,0x00000000212f0000)]
  0x000000001be33800 JavaThread "Build operations" [_thread_blocked, id=8428, stack(0x0000000020ee0000,0x0000000020fe0000)]
  0x000000001be34800 JavaThread "Cache worker for execution history cache (C:\Users\ardi_\.gradle\caches\5.4.1\executionHistory)" [_thread_blocked, id=4884, stack(0x0000000020de0000,0x0000000020ee0000)]
  0x0000000018958000 JavaThread "Cache worker for cache directory md-rule (C:\Users\ardi_\.gradle\caches\5.4.1\md-rule)" [_thread_blocked, id=10860, stack(0x0000000020ce0000,0x0000000020de0000)]
  0x0000000018957800 JavaThread "Cache worker for cache directory md-supplier (C:\Users\ardi_\.gradle\caches\5.4.1\md-supplier)" [_thread_blocked, id=11916, stack(0x0000000020be0000,0x0000000020ce0000)]
  0x000000001895b000 JavaThread "Cache worker for file hash cache (C:\Users\ardi_\AndroidStudioProjects\RemindMe\.gradle\5.4.1\fileHashes)" [_thread_blocked, id=10208, stack(0x000000001cea0000,0x000000001cfa0000)]
  0x000000001895a800 JavaThread "Cache worker for journal cache (C:\Users\ardi_\.gradle\caches\journal-1)" [_thread_blocked, id=9132, stack(0x000000001ae00000,0x000000001af00000)]
  0x0000000018954800 JavaThread "File lock request listener" [_thread_in_native, id=9712, stack(0x000000001ab00000,0x000000001ac00000)]
  0x0000000019116000 JavaThread "Cache worker for file hash cache (C:\Users\ardi_\.gradle\caches\5.4.1\fileHashes)" [_thread_blocked, id=2280, stack(0x000000001aa00000,0x000000001ab00000)]
  0x0000000019188800 JavaThread "Thread-9" [_thread_blocked, id=2688, stack(0x000000001a900000,0x000000001aa00000)]
  0x00000000186b7800 JavaThread "Stdin handler" [_thread_blocked, id=1076, stack(0x000000001a800000,0x000000001a900000)]
  0x00000000191b0000 JavaThread "Asynchronous log dispatcher for DefaultDaemonConnection: socket connection from /127.0.0.1:50654 to /127.0.0.1:50655" [_thread_blocked, id=5924, stack(0x000000001a700000,0x000000001a800000)]
  0x00000000186b6800 JavaThread "Daemon worker" [_thread_in_Java, id=4072, stack(0x000000001a600000,0x000000001a700000)]
  0x000000001953a000 JavaThread "Cancel handler" [_thread_blocked, id=10928, stack(0x000000001a500000,0x000000001a600000)]
  0x000000001810b800 JavaThread "Handler for socket connection from /127.0.0.1:50654 to /127.0.0.1:50655" [_thread_in_native, id=9048, stack(0x000000001a200000,0x000000001a300000)]
  0x0000000018107000 JavaThread "Daemon" [_thread_blocked, id=1264, stack(0x000000001a100000,0x000000001a200000)]
  0x0000000017d24000 JavaThread "Daemon periodic checks" [_thread_blocked, id=5240, stack(0x000000001a000000,0x000000001a100000)]
  0x0000000017d2e000 JavaThread "Incoming local TCP Connector on port 50654" [_thread_in_native, id=6244, stack(0x0000000019d90000,0x0000000019e90000)]
  0x0000000019368800 JavaThread "Daemon health stats" [_thread_blocked, id=8880, stack(0x0000000019750000,0x0000000019850000)]
  0x000000001605e800 JavaThread "Service Thread" daemon [_thread_blocked, id=9596, stack(0x0000000017d80000,0x0000000017e80000)]
  0x000000001605a000 JavaThread "C1 CompilerThread2" daemon [_thread_in_native, id=5276, stack(0x0000000017880000,0x0000000017980000)]
=>0x0000000016045000 JavaThread "C2 CompilerThread1" daemon [_thread_in_native, id=1844, stack(0x0000000017780000,0x0000000017880000)]
  0x0000000015ffa000 JavaThread "C2 CompilerThread0" daemon [_thread_in_native, id=1512, stack(0x0000000017680000,0x0000000017780000)]
  0x0000000015ff9800 JavaThread "Attach Listener" daemon [_thread_blocked, id=5892, stack(0x0000000017580000,0x0000000017680000)]
  0x0000000016006000 JavaThread "Signal Dispatcher" daemon [_thread_blocked, id=10260, stack(0x0000000017480000,0x0000000017580000)]
  0x000000000268c000 JavaThread "Finalizer" daemon [_thread_blocked, id=7332, stack(0x0000000017250000,0x0000000017350000)]
  0x0000000015fe9000 JavaThread "Reference Handler" daemon [_thread_blocked, id=9928, stack(0x0000000017150000,0x0000000017250000)]
  0x000000000258e800 JavaThread "main" [_thread_blocked, id=228, stack(0x0000000002390000,0x0000000002490000)]

Other Threads:
  0x0000000015fc6000 VMThread [stack: 0x0000000017050000,0x0000000017150000] [id=8592]
  0x00000000179aa800 WatcherThread [stack: 0x0000000017e80000,0x0000000017f80000] [id=12092]

VM state:not at safepoint (normal execution)

VM Mutex/Monitor currently owned by a thread: None

heap address: 0x00000000a0000000, size: 1536 MB, Compressed Oops mode: 32-bit
Narrow klass base: 0x0000000000000000, Narrow klass shift: 3
Compressed class space size: 1073741824 Address: 0x0000000100000000

Heap:
 PSYoungGen      total 142336K, used 31175K [0x00000000e0000000, 0x00000000ea300000, 0x0000000100000000)
  eden space 130560K, 14% used [0x00000000e0000000,0x00000000e12f9450,0x00000000e7f80000)
  from space 11776K, 99% used [0x00000000e9780000,0x00000000ea2f89e8,0x00000000ea300000)
  to   space 13824K, 0% used [0x00000000e8800000,0x00000000e8800000,0x00000000e9580000)
 ParOldGen       total 92672K, used 19560K [0x00000000a0000000, 0x00000000a5a80000, 0x00000000e0000000)
  object space 92672K, 21% used [0x00000000a0000000,0x00000000a131a020,0x00000000a5a80000)
 Metaspace       used 46941K, capacity 48130K, committed 48424K, reserved 1091584K
  class space    used 6321K, capacity 6636K, committed 6696K, reserved 1048576K

Card table byte_map: [0x0000000011a50000,0x0000000011d60000] byte_map_base: 0x0000000011550000

Marking Bits: (ParMarkBitMap*) 0x000000006c4e9f30
 Begin Bits: [0x0000000012360000, 0x0000000013b60000)
 End Bits:   [0x0000000013b60000, 0x0000000015360000)

Polling page: 0x00000000009d0000

CodeCache: size=245760Kb used=12858Kb max_used=13060Kb free=232901Kb
 bounds [0x0000000002690000, 0x0000000003360000, 0x0000000011690000]
 total_blobs=4501 nmethods=3739 adapters=675
 compilation: enabled

Compilation events (10 events):
Event: 7.440 Thread 0x000000001605a000 nmethod 4053 0x0000000002c04310 code [0x0000000002c04460, 0x0000000002c04570]
Event: 7.440 Thread 0x000000001605a000 4054       3       java.util.ArrayList::contains (14 bytes)
Event: 7.440 Thread 0x000000001605a000 nmethod 4054 0x0000000002c03f10 code [0x0000000002c04080, 0x0000000002c04268]
Event: 7.442 Thread 0x000000001605a000 4055       3       java.lang.invoke.LambdaForm$BMH/1807648168::reinvoke (25 bytes)
Event: 7.442 Thread 0x000000001605a000 nmethod 4055 0x0000000002c03650 code [0x0000000002c037e0, 0x0000000002c03dd8]
Event: 7.442 Thread 0x000000001605a000 4056       3       java.lang.invoke.MethodHandleImpl::castReference (20 bytes)
Event: 7.443 Thread 0x000000001605a000 nmethod 4056 0x0000000002c03150 code [0x0000000002c032c0, 0x0000000002c03568]
Event: 7.443 Thread 0x000000001605a000 4057       1       java.lang.invoke.InfoFromMemberName::getReferenceKind (5 bytes)
Event: 7.443 Thread 0x000000001605a000 nmethod 4057 0x0000000002c02e90 code [0x0000000002c02fe0, 0x0000000002c030f0]
Event: 7.451 Thread 0x000000001605a000 4059       1       java.lang.invoke.InnerClassLambdaMetafactory::access$500 (5 bytes)

GC Heap History (10 events):
Event: 3.946 GC heap before
{Heap before GC invocations=8 (full 1):
 PSYoungGen      total 75264K, used 65536K [0x00000000e0000000, 0x00000000e5400000, 0x0000000100000000)
  eden space 65536K, 100% used [0x00000000e0000000,0x00000000e4000000,0x00000000e4000000)
  from space 9728K, 0% used [0x00000000e4a80000,0x00000000e4a80000,0x00000000e5400000)
  to   space 10240K, 0% used [0x00000000e4000000,0x00000000e4000000,0x00000000e4a00000)
 ParOldGen       total 58880K, used 8413K [0x00000000a0000000, 0x00000000a3980000, 0x00000000e0000000)
  object space 58880K, 14% used [0x00000000a0000000,0x00000000a0837698,0x00000000a3980000)
 Metaspace       used 28893K, capacity 29486K, committed 29824K, reserved 1075200K
  class space    used 3912K, capacity 4100K, committed 4224K, reserved 1048576K
Event: 3.960 GC heap after
Heap after GC invocations=8 (full 1):
 PSYoungGen      total 75776K, used 7915K [0x00000000e0000000, 0x00000000e7b80000, 0x0000000100000000)
  eden space 65536K, 0% used [0x00000000e0000000,0x00000000e0000000,0x00000000e4000000)
  from space 10240K, 77% used [0x00000000e4000000,0x00000000e47bacf8,0x00000000e4a00000)
  to   space 10752K, 0% used [0x00000000e7100000,0x00000000e7100000,0x00000000e7b80000)
 ParOldGen       total 58880K, used 8421K [0x00000000a0000000, 0x00000000a3980000, 0x00000000e0000000)
  object space 58880K, 14% used [0x00000000a0000000,0x00000000a0839698,0x00000000a3980000)
 Metaspace       used 28893K, capacity 29486K, committed 29824K, reserved 1075200K
  class space    used 3912K, capacity 4100K, committed 4224K, reserved 1048576K
}
Event: 4.591 GC heap before
{Heap before GC invocations=9 (full 1):
 PSYoungGen      total 75776K, used 73451K [0x00000000e0000000, 0x00000000e7b80000, 0x0000000100000000)
  eden space 65536K, 100% used [0x00000000e0000000,0x00000000e4000000,0x00000000e4000000)
  from space 10240K, 77% used [0x00000000e4000000,0x00000000e47bacf8,0x00000000e4a00000)
  to   space 10752K, 0% used [0x00000000e7100000,0x00000000e7100000,0x00000000e7b80000)
 ParOldGen       total 58880K, used 8421K [0x00000000a0000000, 0x00000000a3980000, 0x00000000e0000000)
  object space 58880K, 14% used [0x00000000a0000000,0x00000000a0839698,0x00000000a3980000)
 Metaspace       used 32159K, capacity 32786K, committed 33152K, reserved 1077248K
  class space    used 4442K, capacity 4624K, committed 4736K, reserved 1048576K
Event: 4.605 GC heap after
Heap after GC invocations=9 (full 1):
 PSYoungGen      total 115712K, used 8479K [0x00000000e0000000, 0x00000000e7c00000, 0x0000000100000000)
  eden space 104960K, 0% used [0x00000000e0000000,0x00000000e0000000,0x00000000e6680000)
  from space 10752K, 78% used [0x00000000e7100000,0x00000000e7947c58,0x00000000e7b80000)
  to   space 10752K, 0% used [0x00000000e6680000,0x00000000e6680000,0x00000000e7100000)
 ParOldGen       total 58880K, used 8429K [0x00000000a0000000, 0x00000000a3980000, 0x00000000e0000000)
  object space 58880K, 14% used [0x00000000a0000000,0x00000000a083b698,0x00000000a3980000)
 Metaspace       used 32159K, capacity 32786K, committed 33152K, reserved 1077248K
  class space    used 4442K, capacity 4624K, committed 4736K, reserved 1048576K
}
Event: 5.404 GC heap before
{Heap before GC invocations=10 (full 1):
 PSYoungGen      total 115712K, used 61932K [0x00000000e0000000, 0x00000000e7c00000, 0x0000000100000000)
  eden space 104960K, 50% used [0x00000000e0000000,0x00000000e34335a0,0x00000000e6680000)
  from space 10752K, 78% used [0x00000000e7100000,0x00000000e7947c58,0x00000000e7b80000)
  to   space 10752K, 0% used [0x00000000e6680000,0x00000000e6680000,0x00000000e7100000)
 ParOldGen       total 58880K, used 8429K [0x00000000a0000000, 0x00000000a3980000, 0x00000000e0000000)
  object space 58880K, 14% used [0x00000000a0000000,0x00000000a083b698,0x00000000a3980000)
 Metaspace       used 34664K, capacity 35420K, committed 35496K, reserved 1079296K
  class space    used 4789K, capacity 4997K, committed 5032K, reserved 1048576K
Event: 5.422 GC heap after
Heap after GC invocations=10 (full 1):
 PSYoungGen      total 115712K, used 10057K [0x00000000e0000000, 0x00000000ea300000, 0x0000000100000000)
  eden space 104960K, 0% used [0x00000000e0000000,0x00000000e0000000,0x00000000e6680000)
  from space 10752K, 93% used [0x00000000e6680000,0x00000000e70524b8,0x00000000e7100000)
  to   space 11776K, 0% used [0x00000000e9780000,0x00000000e9780000,0x00000000ea300000)
 ParOldGen       total 58880K, used 8437K [0x00000000a0000000, 0x00000000a3980000, 0x00000000e0000000)
  object space 58880K, 14% used [0x00000000a0000000,0x00000000a083d698,0x00000000a3980000)
 Metaspace       used 34664K, capacity 35420K, committed 35496K, reserved 1079296K
  class space    used 4789K, capacity 4997K, committed 5032K, reserved 1048576K
}
Event: 5.422 GC heap before
{Heap before GC invocations=11 (full 2):
 PSYoungGen      total 115712K, used 10057K [0x00000000e0000000, 0x00000000ea300000, 0x0000000100000000)
  eden space 104960K, 0% used [0x00000000e0000000,0x00000000e0000000,0x00000000e6680000)
  from space 10752K, 93% used [0x00000000e6680000,0x00000000e70524b8,0x00000000e7100000)
  to   space 11776K, 0% used [0x00000000e9780000,0x00000000e9780000,0x00000000ea300000)
 ParOldGen       total 58880K, used 8437K [0x00000000a0000000, 0x00000000a3980000, 0x00000000e0000000)
  object space 58880K, 14% used [0x00000000a0000000,0x00000000a083d698,0x00000000a3980000)
 Metaspace       used 34664K, capacity 35420K, committed 35496K, reserved 1079296K
  class space    used 4789K, capacity 4997K, committed 5032K, reserved 1048576K
Event: 5.517 GC heap after
Heap after GC invocations=11 (full 2):
 PSYoungGen      total 115712K, used 0K [0x00000000e0000000, 0x00000000ea300000, 0x0000000100000000)
  eden space 104960K, 0% used [0x00000000e0000000,0x00000000e0000000,0x00000000e6680000)
  from space 10752K, 0% used [0x00000000e6680000,0x00000000e6680000,0x00000000e7100000)
  to   space 11776K, 0% used [0x00000000e9780000,0x00000000e9780000,0x00000000ea300000)
 ParOldGen       total 92672K, used 16935K [0x00000000a0000000, 0x00000000a5a80000, 0x00000000e0000000)
  object space 92672K, 18% used [0x00000000a0000000,0x00000000a1089c60,0x00000000a5a80000)
 Metaspace       used 34659K, capacity 35402K, committed 35496K, reserved 1079296K
  class space    used 4788K, capacity 4994K, committed 5032K, reserved 1048576K
}
Event: 7.130 GC heap before
{Heap before GC invocations=12 (full 2):
 PSYoungGen      total 115712K, used 104960K [0x00000000e0000000, 0x00000000ea300000, 0x0000000100000000)
  eden space 104960K, 100% used [0x00000000e0000000,0x00000000e6680000,0x00000000e6680000)
  from space 10752K, 0% used [0x00000000e6680000,0x00000000e6680000,0x00000000e7100000)
  to   space 11776K, 0% used [0x00000000e9780000,0x00000000e9780000,0x00000000ea300000)
 ParOldGen       total 92672K, used 16935K [0x00000000a0000000, 0x00000000a5a80000, 0x00000000e0000000)
  object space 92672K, 18% used [0x00000000a0000000,0x00000000a1089c60,0x00000000a5a80000)
 Metaspace       used 45322K, capacity 46240K, committed 46376K, reserved 1089536K
  class space    used 6112K, capacity 6384K, committed 6440K, reserved 1048576K
Event: 7.145 GC heap after
Heap after GC invocations=12 (full 2):
 PSYoungGen      total 142336K, used 11746K [0x00000000e0000000, 0x00000000ea300000, 0x0000000100000000)
  eden space 130560K, 0% used [0x00000000e0000000,0x00000000e0000000,0x00000000e7f80000)
  from space 11776K, 99% used [0x00000000e9780000,0x00000000ea2f89e8,0x00000000ea300000)
  to   space 13824K, 0% used [0x00000000e8800000,0x00000000e8800000,0x00000000e9580000)
 ParOldGen       total 92672K, used 19560K [0x00000000a0000000, 0x00000000a5a80000, 0x00000000e0000000)
  object space 92672K, 21% used [0x00000000a0000000,0x00000000a131a020,0x00000000a5a80000)
 Metaspace       used 45322K, capacity 46240K, committed 46376K, reserved 1089536K
  class space    used 6112K, capacity 6384K, committed 6440K, reserved 1048576K
}

Deoptimization events (10 events):
Event: 6.292 Thread 0x00000000186b6800 Uncommon trap: reason=unstable_if action=reinterpret pc=0x00000000030156e4 method=java.util.HashMap.putVal(ILjava/lang/Object;Ljava/lang/Object;ZZ)Ljava/lang/Object; @ 236
Event: 6.328 Thread 0x00000000186b6800 Uncommon trap: reason=unstable_if action=reinterpret pc=0x0000000002b326bc method=java.lang.CharacterDataLatin1.isWhitespace(I)Z @ 14
Event: 6.395 Thread 0x00000000186b6800 Uncommon trap: reason=unstable_if action=reinterpret pc=0x0000000002b412f0 method=java.util.jar.JarFile.maybeInstantiateVerifier()V @ 4
Event: 6.396 Thread 0x00000000186b6800 Uncommon trap: reason=unstable_if action=reinterpret pc=0x00000000027b9ff0 method=java.security.CodeSource.<init>(Ljava/net/URL;[Ljava/security/CodeSigner;)V @ 25
Event: 6.398 Thread 0x00000000186b6800 Uncommon trap: reason=unstable_if action=reinterpret pc=0x0000000002c1abac method=java.security.CodeSource.getCertificates()[Ljava/security/cert/Certificate; @ 22
Event: 6.398 Thread 0x00000000186b6800 Uncommon trap: reason=unstable_if action=reinterpret pc=0x0000000002edb6c4 method=java.util.jar.JarFile.maybeInstantiateVerifier()V @ 4
Event: 6.434 Thread 0x00000000186b6800 Uncommon trap: reason=unstable_if action=reinterpret pc=0x00000000027c12bc method=java.util.LinkedHashMap.get(Ljava/lang/Object;)Ljava/lang/Object; @ 20
Event: 6.558 Thread 0x00000000186b6800 Uncommon trap: reason=unstable_if action=reinterpret pc=0x0000000002f8c728 method=org.objectweb.asm.ByteVector.putUTF8(Ljava/lang/String;)Lorg/objectweb/asm/ByteVector; @ 93
Event: 6.675 Thread 0x00000000186b6800 Uncommon trap: reason=unstable_if action=reinterpret pc=0x0000000002f67db0 method=org.objectweb.asm.ByteVector.putUTF8(Ljava/lang/String;)Lorg/objectweb/asm/ByteVector; @ 93
Event: 7.011 Thread 0x00000000186b6800 Uncommon trap: reason=unstable_if action=reinterpret pc=0x0000000002f8f6fc method=org.gradle.internal.reflect.PropertyAccessorType.of(Ljava/lang/reflect/Method;)Lorg/gradle/internal/reflect/PropertyAccessorType; @ 56

Classes redefined (0 events):
No events

Internal exceptions (10 events):
Event: 7.207 Thread 0x00000000186b6800 Exception <a 'java/lang/ClassNotFoundException': build_cns07co46nwbpow8e3wpyj44z$_run_closure1BeanInfo> (0x00000000e079c478) thrown at [D:\src\AOSP-openjdk-cygwin\jdk8u\hotspot\src\share\vm\classfile\systemDictionary.cpp, line 210]
Event: 7.208 Thread 0x00000000186b6800 Exception <a 'java/lang/ClassNotFoundException': build_cns07co46nwbpow8e3wpyj44z$_run_closure1Customizer> (0x00000000e07ad4c0) thrown at [D:\src\AOSP-openjdk-cygwin\jdk8u\hotspot\src\share\vm\classfile\systemDictionary.cpp, line 210]
Event: 7.228 Thread 0x00000000186b6800 Exception <a 'java/lang/ClassNotFoundException': org/gradle/api/internal/file/collections/DefaultConfigurableFileTreeBeanInfo> (0x00000000e094e6d0) thrown at [D:\src\AOSP-openjdk-cygwin\jdk8u\hotspot\src\share\vm\classfile\systemDictionary.cpp, line 210]
Event: 7.229 Thread 0x00000000186b6800 Exception <a 'java/lang/ClassNotFoundException': org/gradle/api/internal/file/CompositeFileTreeBeanInfo> (0x00000000e0982158) thrown at [D:\src\AOSP-openjdk-cygwin\jdk8u\hotspot\src\share\vm\classfile\systemDictionary.cpp, line 210]
Event: 7.230 Thread 0x00000000186b6800 Exception <a 'java/lang/ClassNotFoundException': org/gradle/api/internal/file/CompositeFileCollectionBeanInfo> (0x00000000e09b9a80) thrown at [D:\src\AOSP-openjdk-cygwin\jdk8u\hotspot\src\share\vm\classfile\systemDictionary.cpp, line 210]
Event: 7.231 Thread 0x00000000186b6800 Exception <a 'java/lang/ClassNotFoundException': org/gradle/api/internal/file/AbstractFileCollectionBeanInfo> (0x00000000e09f14c8) thrown at [D:\src\AOSP-openjdk-cygwin\jdk8u\hotspot\src\share\vm\classfile\systemDictionary.cpp, line 210]
Event: 7.233 Thread 0x00000000186b6800 Exception <a 'java/lang/ClassNotFoundException': org/gradle/api/internal/file/AbstractFileCollectionCustomizer> (0x00000000e0a299d8) thrown at [D:\src\AOSP-openjdk-cygwin\jdk8u\hotspot\src\share\vm\classfile\systemDictionary.cpp, line 210]
Event: 7.235 Thread 0x00000000186b6800 Exception <a 'java/lang/ClassNotFoundException': org/gradle/api/internal/file/CompositeFileCollectionCustomizer> (0x00000000e0a702b8) thrown at [D:\src\AOSP-openjdk-cygwin\jdk8u\hotspot\src\share\vm\classfile\systemDictionary.cpp, line 210]
Event: 7.236 Thread 0x00000000186b6800 Exception <a 'java/lang/ClassNotFoundException': org/gradle/api/internal/file/CompositeFileTreeCustomizer> (0x00000000e0ab4918) thrown at [D:\src\AOSP-openjdk-cygwin\jdk8u\hotspot\src\share\vm\classfile\systemDictionary.cpp, line 210]
Event: 7.237 Thread 0x00000000186b6800 Exception <a 'java/lang/ClassNotFoundException': org/gradle/api/internal/file/collections/DefaultConfigurableFileTreeCustomizer> (0x00000000e0b02770) thrown at [D:\src\AOSP-openjdk-cygwin\jdk8u\hotspot\src\share\vm\classfile\systemDictionary.cpp, line 210

Events (10 events):
Event: 7.450 loading class com/android/build/gradle/api/JavaCompileOptions
Event: 7.450 loading class com/android/build/gradle/api/JavaCompileOptions done
Event: 7.450 loading class com/android/build/gradle/internal/dsl/CoreProductFlavor
Event: 7.450 loading class com/android/build/gradle/internal/dsl/CoreProductFlavor done
Event: 7.450 loading class com/android/build/gradle/api/JavaCompileOptions
Event: 7.450 loading class com/android/build/gradle/api/JavaCompileOptions done
Event: 7.450 loading class com/android/build/gradle/internal/dsl/CoreBuildType
Event: 7.450 loading class com/android/build/gradle/internal/dsl/CoreBuildType done
Event: 7.451 loading class com/android/build/gradle/internal/core/MergedJavaCompileOptions
Event: 7.451 loading class com/android/build/gradle/internal/core/MergedJavaCompileOptions done


Dynamic libraries:
0x00007ff611ef0000 - 0x00007ff611f21000 	C:\Program Files\Android\Android Studio\jre\bin\java.exe
0x00007fffdc680000 - 0x00007fffdc870000 	C:\WINDOWS\SYSTEM32\ntdll.dll
0x00007fffd4380000 - 0x00007fffd4394000 	C:\Program Files\AVAST Software\Avast\aswhook.dll
0x00007fffdbb50000 - 0x00007fffdbc02000 	C:\WINDOWS\System32\KERNEL32.DLL
0x00007fffd9660000 - 0x00007fffd9903000 	C:\WINDOWS\System32\KERNELBASE.dll
0x00007fffdba30000 - 0x00007fffdbad3000 	C:\WINDOWS\System32\ADVAPI32.dll
0x00007fffdb440000 - 0x00007fffdb4de000 	C:\WINDOWS\System32\msvcrt.dll
0x00007fffda730000 - 0x00007fffda7c7000 	C:\WINDOWS\System32\sechost.dll
0x00007fffdab20000 - 0x00007fffdac40000 	C:\WINDOWS\System32\RPCRT4.dll
0x00007fffdc3d0000 - 0x00007fffdc564000 	C:\WINDOWS\System32\USER32.dll
0x00007fffda680000 - 0x00007fffda6a1000 	C:\WINDOWS\System32\win32u.dll
0x00007fffdb0d0000 - 0x00007fffdb0f6000 	C:\WINDOWS\System32\GDI32.dll
0x00007fffda440000 - 0x00007fffda5d4000 	C:\WINDOWS\System32\gdi32full.dll
0x00007fffda5e0000 - 0x00007fffda67e000 	C:\WINDOWS\System32\msvcp_win.dll
0x00007fffda1f0000 - 0x00007fffda2ea000 	C:\WINDOWS\System32\ucrtbase.dll
0x00007fffc7500000 - 0x00007fffc7785000 	C:\WINDOWS\WinSxS\amd64_microsoft.windows.common-controls_6595b64144ccf1df_6.0.18362.535_none_e6c3b34713100821\COMCTL32.dll
0x00007fffdb6f0000 - 0x00007fffdba26000 	C:\WINDOWS\System32\combase.dll
0x00007fffda6b0000 - 0x00007fffda730000 	C:\WINDOWS\System32\bcryptPrimitives.dll
0x00007fffdb360000 - 0x00007fffdb38e000 	C:\WINDOWS\System32\IMM32.DLL
0x000000006bb60000 - 0x000000006bc32000 	C:\Program Files\Android\Android Studio\jre\jre\bin\msvcr100.dll
0x000000006bd20000 - 0x000000006c566000 	C:\Program Files\Android\Android Studio\jre\jre\bin\server\jvm.dll
0x00007fffda7d0000 - 0x00007fffda7d8000 	C:\WINDOWS\System32\PSAPI.DLL
0x00007fffc8690000 - 0x00007fffc8699000 	C:\WINDOWS\SYSTEM32\WSOCK32.dll
0x00007fffdb680000 - 0x00007fffdb6ef000 	C:\WINDOWS\System32\WS2_32.dll
0x00007fffd66a0000 - 0x00007fffd66c4000 	C:\WINDOWS\SYSTEM32\WINMM.dll
0x00007fffcdab0000 - 0x00007fffcdaba000 	C:\WINDOWS\SYSTEM32\VERSION.dll
0x00007fffd65d0000 - 0x00007fffd65fd000 	C:\WINDOWS\SYSTEM32\WINMMBASE.dll
0x00007fffd9610000 - 0x00007fffd965a000 	C:\WINDOWS\System32\cfgmgr32.dll
0x00007fffd3fe0000 - 0x00007fffd3fef000 	C:\Program Files\Android\Android Studio\jre\jre\bin\verify.dll
0x00007fffd37d0000 - 0x00007fffd37f9000 	C:\Program Files\Android\Android Studio\jre\jre\bin\java.dll
0x00007fffd27f0000 - 0x00007fffd2806000 	C:\Program Files\Android\Android Studio\jre\jre\bin\zip.dll
0x00007fffdbce0000 - 0x00007fffdc3c5000 	C:\WINDOWS\System32\SHELL32.dll
0x00007fffdb390000 - 0x00007fffdb439000 	C:\WINDOWS\System32\shcore.dll
0x00007fffd99c0000 - 0x00007fffda13f000 	C:\WINDOWS\System32\windows.storage.dll
0x00007fffd95f0000 - 0x00007fffd960f000 	C:\WINDOWS\System32\profapi.dll
0x00007fffd9580000 - 0x00007fffd95ca000 	C:\WINDOWS\System32\powrprof.dll
0x00007fffd9550000 - 0x00007fffd9560000 	C:\WINDOWS\System32\UMPDC.dll
0x00007fffdb5c0000 - 0x00007fffdb612000 	C:\WINDOWS\System32\shlwapi.dll
0x00007fffd9560000 - 0x00007fffd9571000 	C:\WINDOWS\System32\kernel.appcore.dll
0x00007fffda140000 - 0x00007fffda157000 	C:\WINDOWS\System32\cryptsp.dll
0x00007fffd27d0000 - 0x00007fffd27ea000 	C:\Program Files\Android\Android Studio\jre\jre\bin\net.dll
0x00007fffd8d60000 - 0x00007fffd8dc7000 	C:\WINDOWS\system32\mswsock.dll
0x00007fffd3820000 - 0x00007fffd3831000 	C:\Program Files\Android\Android Studio\jre\jre\bin\nio.dll
0x00007fffd22c0000 - 0x00007fffd22e6000 	C:\Users\ardi_\.gradle\native\29\windows-amd64\native-platform.dll
0x00007fffd3810000 - 0x00007fffd381d000 	C:\Program Files\Android\Android Studio\jre\jre\bin\management.dll
0x00007fffd88d0000 - 0x00007fffd8903000 	C:\WINDOWS\system32\rsaenh.dll
0x00007fffda1c0000 - 0x00007fffda1e6000 	C:\WINDOWS\System32\bcrypt.dll
0x00007fffd9440000 - 0x00007fffd9465000 	C:\WINDOWS\SYSTEM32\USERENV.dll
0x00007fffd8f30000 - 0x00007fffd8f3c000 	C:\WINDOWS\SYSTEM32\CRYPTBASE.dll
0x00007fffd8a70000 - 0x00007fffd8aaa000 	C:\WINDOWS\SYSTEM32\IPHLPAPI.DLL
0x00007fffdb0c0000 - 0x00007fffdb0c8000 	C:\WINDOWS\System32\NSI.dll
0x00007fffcd750000 - 0x00007fffcd766000 	C:\WINDOWS\SYSTEM32\dhcpcsvc6.DLL
0x00007fffcda20000 - 0x00007fffcda3c000 	C:\WINDOWS\SYSTEM32\dhcpcsvc.DLL
0x00007fffd8ab0000 - 0x00007fffd8b7a000 	C:\WINDOWS\SYSTEM32\DNSAPI.dll

VM Arguments:
jvm_args: -Xmx1536m -Dfile.encoding=windows-1252 -Duser.country=CH -Duser.language=de -Duser.variant 
java_command: org.gradle.launcher.daemon.bootstrap.GradleDaemon 5.4.1
java_class_path (initial): C:\Users\ardi_\.gradle\wrapper\dists\gradle-5.4.1-all\3221gyojl5jsh0helicew7rwx\gradle-5.4.1\lib\gradle-launcher-5.4.1.jar
Launcher Type: SUN_STANDARD

Environment Variables:
JAVA_HOME=C:\Program Files\Java\jdk1.8.0_221
PATH=C:\Program Files (x86)\Common Files\Oracle\Java\javapath;C:\ProgramData\Oracle\Java\javapath;C:\Program Files (x86)\Intel\iCLS Client\;C:\Program Files\Intel\iCLS Client\;C:\WINDOWS\system32;C:\WINDOWS;C:\WINDOWS\System32\Wbem;C:\WINDOWS\System32\WindowsPowerShell\v1.0\;C:\Program Files (x86)\Intel\Intel(R) Management Engine Components\DAL;C:\Program Files\Intel\Intel(R) Management Engine Components\DAL;C:\Program Files (x86)\Intel\Intel(R) Management Engine Components\IPT;C:\Program Files\Intel\Intel(R) Management Engine Components\IPT;C:\WINDOWS\System32\OpenSSH\;C:\Program Files\nodejs\;C:\Program Files\Git\cmd;C:\Users\ardi_\AppData\Local\Microsoft\WindowsApps;%DASHLANE_DLL_DIR%;C:\Users\ardi_\AppData\Roaming\npm;C:\Users\ardi_\AppData\Local\Programs\Microsoft VS Code\bin;C:\Users\ardi_\Downloads\gradle-5.6.2-all\gradle-5.6.2\bin;
USERNAME=ardi_
OS=Windows_NT
PROCESSOR_IDENTIFIER=Intel64 Family 6 Model 142 Stepping 9, GenuineIntel



---------------  S Y S T E M  ---------------

OS: Windows 10.0 , 64 bit Build 18362 (10.0.18362.329)

CPU:total 4 (initial active 4) (2 cores per cpu, 2 threads per core) family 6 model 142 stepping 9, cmov, cx8, fxsr, mmx, sse, sse2, sse3, ssse3, sse4.1, sse4.2, popcnt, avx, avx2, aes, clmul, erms, 3dnowpref, lzcnt, ht, tsc, tscinvbit, bmi1, bmi2, adx

Memory: 4k page, physical 8232108k(2712180k free), swap 8232108k(5124k free)

vm_info: OpenJDK 64-Bit Server VM (25.202-b03) for windows-amd64 JRE (1.8.0_202-release-1483-b03), built by "builder" with MS VC++ 10.0 (VS2010)

time: Sat Dec 28 21:57:10 2019
timezone: Mitteleuropäische Zeit
elapsed time: 7 seconds (0d 0h 0m 7s)

