#
# There is insufficient memory for the Java Runtime Environment to continue.
# Native memory allocation (malloc) failed to allocate 1603936 bytes for Chunk::new
# Possible reasons:
#   The system is out of physical RAM or swap space
#   The process is running with CompressedOops enabled, and the Java Heap may be blocking the growth of the native heap
# Possible solutions:
#   Reduce memory load on the system
#   Increase physical memory or swap space
#   Check if swap backing store is full
#   Decrease Java heap size (-Xmx/-Xms)
#   Decrease number of Java threads
#   Decrease Java thread stack sizes (-Xss)
#   Set larger code cache with -XX:ReservedCodeCacheSize=
#   JVM is running with Unscaled Compressed Oops mode in which the Java heap is
#     placed in the first 4GB address space. The Java Heap base address is the
#     maximum limit for the native heap growth. Please use -XX:HeapBaseMinAddress
#     to set the Java Heap base and to place the Java Heap above 4GB virtual address.
# This output file may be truncated or incomplete.
#
#  Out of Memory Error (allocation.cpp:389), pid=6780, tid=0x0000000000001f68
#
# JRE version: OpenJDK Runtime Environment (8.0_202-b03) (build 1.8.0_202-release-1483-b03)
# Java VM: OpenJDK 64-Bit Server VM (25.202-b03 mixed mode windows-amd64 compressed oops)
# Failed to write core dump. Minidumps are not enabled by default on client versions of Windows
#

---------------  T H R E A D  ---------------

Current thread (0x0000000015ff8800):  JavaThread "C2 CompilerThread0" daemon [_thread_in_native, id=8040, stack(0x00000000176b0000,0x00000000177b0000)]

Stack: [0x00000000176b0000,0x00000000177b0000]
[error occurred during error reporting (printing stack bounds), id 0xc0000005]

Native frames: (J=compiled Java code, j=interpreted, Vv=VM code, C=native code)


Current CompileTask:
C2:   5506 3110       4       groovy.lang.MetaClassImpl$1MOPIter::methodNameAction (325 bytes)


---------------  P R O C E S S  ---------------

Java Threads: ( => current thread )
  0x000000001c1b7800 JavaThread "Build operations Thread 4" [_thread_blocked, id=9040, stack(0x00000000216f0000,0x00000000217f0000)]
  0x000000001c1b7000 JavaThread "Build operations Thread 3" [_thread_blocked, id=2760, stack(0x00000000215f0000,0x00000000216f0000)]
  0x000000001c1b5800 JavaThread "Build operations Thread 2" [_thread_blocked, id=8368, stack(0x00000000214f0000,0x00000000215f0000)]
  0x000000001c1b4800 JavaThread "Build operations" [_thread_blocked, id=12208, stack(0x0000000021180000,0x0000000021280000)]
  0x000000001c1b3000 JavaThread "Cache worker for execution history cache (C:\Users\ardi_\.gradle\caches\5.4.1\executionHistory)" [_thread_blocked, id=10720, stack(0x0000000020d70000,0x0000000020e70000)]
  0x0000000018af8000 JavaThread "Cache worker for cache directory md-rule (C:\Users\ardi_\.gradle\caches\5.4.1\md-rule)" [_thread_blocked, id=12164, stack(0x0000000020c70000,0x0000000020d70000)]
  0x0000000018af9000 JavaThread "Cache worker for cache directory md-supplier (C:\Users\ardi_\.gradle\caches\5.4.1\md-supplier)" [_thread_blocked, id=7668, stack(0x0000000020b70000,0x0000000020c70000)]
  0x0000000018af5000 JavaThread "Cache worker for file hash cache (C:\Users\ardi_\AndroidStudioProjects\RemindMe\.gradle\5.4.1\fileHashes)" [_thread_blocked, id=3748, stack(0x000000001e0a0000,0x000000001e1a0000)]
  0x0000000018af6800 JavaThread "Cache worker for journal cache (C:\Users\ardi_\.gradle\caches\journal-1)" [_thread_blocked, id=9444, stack(0x000000001ae30000,0x000000001af30000)]
  0x0000000018af3800 JavaThread "File lock request listener" [_thread_in_native, id=4448, stack(0x000000001ab30000,0x000000001ac30000)]
  0x0000000019387000 JavaThread "Cache worker for file hash cache (C:\Users\ardi_\.gradle\caches\5.4.1\fileHashes)" [_thread_blocked, id=3252, stack(0x000000001aa30000,0x000000001ab30000)]
  0x00000000190df000 JavaThread "Thread-9" [_thread_blocked, id=11076, stack(0x000000001a930000,0x000000001aa30000)]
  0x0000000019040800 JavaThread "Stdin handler" [_thread_blocked, id=8384, stack(0x000000001a830000,0x000000001a930000)]
  0x000000001903f800 JavaThread "Asynchronous log dispatcher for DefaultDaemonConnection: socket connection from /127.0.0.1:50672 to /127.0.0.1:50673" [_thread_blocked, id=9168, stack(0x000000001a730000,0x000000001a830000)]
  0x00000000190d1800 JavaThread "Daemon worker" [_thread_in_Java, id=10476, stack(0x000000001a630000,0x000000001a730000)]
  0x00000000190e2800 JavaThread "Cancel handler" [_thread_blocked, id=3348, stack(0x000000001a530000,0x000000001a630000)]
  0x000000001807f000 JavaThread "Handler for socket connection from /127.0.0.1:50672 to /127.0.0.1:50673" [_thread_in_native, id=9760, stack(0x000000001a230000,0x000000001a330000)]
  0x00000000193f3800 JavaThread "Daemon" [_thread_blocked, id=11632, stack(0x000000001a130000,0x000000001a230000)]
  0x0000000018143800 JavaThread "Daemon periodic checks" [_thread_blocked, id=7612, stack(0x000000001a030000,0x000000001a130000)]
  0x0000000018049000 JavaThread "Incoming local TCP Connector on port 50672" [_thread_in_native, id=4804, stack(0x0000000019dc0000,0x0000000019ec0000)]
  0x0000000018f9d000 JavaThread "Daemon health stats" [_thread_blocked, id=10768, stack(0x0000000019780000,0x0000000019880000)]
  0x00000000179d8800 JavaThread "Service Thread" daemon [_thread_blocked, id=8444, stack(0x0000000017db0000,0x0000000017eb0000)]
  0x000000001600a000 JavaThread "C1 CompilerThread2" daemon [_thread_in_native, id=8848, stack(0x00000000178b0000,0x00000000179b0000)]
  0x0000000015ffc000 JavaThread "C2 CompilerThread1" daemon [_thread_in_native, id=4128, stack(0x00000000177b0000,0x00000000178b0000)]
=>0x0000000015ff8800 JavaThread "C2 CompilerThread0" daemon [_thread_in_native, id=8040, stack(0x00000000176b0000,0x00000000177b0000)]
  0x0000000016006000 JavaThread "Attach Listener" daemon [_thread_blocked, id=11304, stack(0x00000000175b0000,0x00000000176b0000)]
  0x0000000016005000 JavaThread "Signal Dispatcher" daemon [_thread_blocked, id=10940, stack(0x00000000174b0000,0x00000000175b0000)]
  0x000000000268b000 JavaThread "Finalizer" daemon [_thread_blocked, id=10404, stack(0x0000000017270000,0x0000000017370000)]
  0x0000000015fe9000 JavaThread "Reference Handler" daemon [_thread_blocked, id=6944, stack(0x0000000017170000,0x0000000017270000)]
  0x000000000254e800 JavaThread "main" [_thread_blocked, id=2440, stack(0x0000000002420000,0x0000000002520000)]

Other Threads:
  0x0000000015fc6000 VMThread [stack: 0x0000000017070000,0x0000000017170000] [id=956]
  0x000000001605c800 WatcherThread [stack: 0x0000000017eb0000,0x0000000017fb0000] [id=1600]

VM state:not at safepoint (normal execution)

VM Mutex/Monitor currently owned by a thread: None

heap address: 0x00000000a0000000, size: 1536 MB, Compressed Oops mode: 32-bit
Narrow klass base: 0x0000000000000000, Narrow klass shift: 3
Compressed class space size: 1073741824 Address: 0x0000000100000000

Heap:
 PSYoungGen      total 119808K, used 10203K [0x00000000e0000000, 0x00000000e7f80000, 0x0000000100000000)
  eden space 109056K, 9% used [0x00000000e0000000,0x00000000e09f6ea0,0x00000000e6a80000)
  from space 10752K, 0% used [0x00000000e6a80000,0x00000000e6a80000,0x00000000e7500000)
  to   space 10240K, 0% used [0x00000000e7580000,0x00000000e7580000,0x00000000e7f80000)
 ParOldGen       total 85504K, used 16957K [0x00000000a0000000, 0x00000000a5380000, 0x00000000e0000000)
  object space 85504K, 19% used [0x00000000a0000000,0x00000000a108f7f0,0x00000000a5380000)
 Metaspace       used 36501K, capacity 37286K, committed 37544K, reserved 1081344K
  class space    used 5022K, capacity 5260K, committed 5288K, reserved 1048576K

Card table byte_map: [0x0000000011a50000,0x0000000011d60000] byte_map_base: 0x0000000011550000

Marking Bits: (ParMarkBitMap*) 0x000000006c4e9f30
 Begin Bits: [0x0000000012360000, 0x0000000013b60000)
 End Bits:   [0x0000000013b60000, 0x0000000015360000)

Polling page: 0x0000000002520000

CodeCache: size=245760Kb used=11488Kb max_used=11488Kb free=234271Kb
 bounds [0x0000000002690000, 0x00000000031d0000, 0x0000000011690000]
 total_blobs=3942 nmethods=3227 adapters=628
 compilation: enabled

Compilation events (10 events):
Event: 5.502 Thread 0x000000001600a000 nmethod 3256 0x00000000031c2b90 code [0x00000000031c2d00, 0x00000000031c2f10]
Event: 5.503 Thread 0x000000001600a000 3259       3       java.util.HashMap::entrySet (27 bytes)
Event: 5.503 Thread 0x000000001600a000 nmethod 3259 0x00000000031c83d0 code [0x00000000031c8560, 0x00000000031c8910]
Event: 5.504 Thread 0x000000001600a000 3260       1       javax.management.openmbean.OpenType::getClassName (5 bytes)
Event: 5.504 Thread 0x000000001600a000 nmethod 3260 0x00000000031c28d0 code [0x00000000031c2a20, 0x00000000031c2b30]
Event: 5.504 Thread 0x000000001600a000 3261       1       javax.management.MBeanFeatureInfo::getDescription (5 bytes)
Event: 5.504 Thread 0x000000001600a000 nmethod 3261 0x00000000031c2610 code [0x00000000031c2760, 0x00000000031c2870]
Event: 5.504 Thread 0x0000000015ffc000 nmethod 3254 0x00000000031cb990 code [0x00000000031cbae0, 0x00000000031cbd98]
Event: 5.505 Thread 0x0000000015ffc000 3258       4       java.util.Arrays::binarySearch0 (95 bytes)
Event: 5.505 Thread 0x000000001600a000 3262       3       com.sun.jmx.mbeanserver.MBeanAnalyzer$MethodOrder::compare (13 bytes)

GC Heap History (10 events):
Event: 2.950 GC heap before
{Heap before GC invocations=7 (full 1):
 PSYoungGen      total 75264K, used 7297K [0x00000000e0000000, 0x00000000e5400000, 0x0000000100000000)
  eden space 65536K, 0% used [0x00000000e0000000,0x00000000e0000000,0x00000000e4000000)
  from space 9728K, 75% used [0x00000000e4a80000,0x00000000e51a06a0,0x00000000e5400000)
  to   space 10240K, 0% used [0x00000000e4000000,0x00000000e4000000,0x00000000e4a00000)
 ParOldGen       total 86016K, used 8587K [0x00000000a0000000, 0x00000000a5400000, 0x00000000e0000000)
  object space 86016K, 9% used [0x00000000a0000000,0x00000000a0862e98,0x00000000a5400000)
 Metaspace       used 20639K, capacity 21146K, committed 21296K, reserved 1067008K
  class space    used 2958K, capacity 3123K, committed 3200K, reserved 1048576K
Event: 2.991 GC heap after
Heap after GC invocations=7 (full 1):
 PSYoungGen      total 75264K, used 0K [0x00000000e0000000, 0x00000000e5400000, 0x0000000100000000)
  eden space 65536K, 0% used [0x00000000e0000000,0x00000000e0000000,0x00000000e4000000)
  from space 9728K, 0% used [0x00000000e4a80000,0x00000000e4a80000,0x00000000e5400000)
  to   space 10240K, 0% used [0x00000000e4000000,0x00000000e4000000,0x00000000e4a00000)
 ParOldGen       total 56320K, used 8418K [0x00000000a0000000, 0x00000000a3700000, 0x00000000e0000000)
  object space 56320K, 14% used [0x00000000a0000000,0x00000000a0838930,0x00000000a3700000)
 Metaspace       used 20639K, capacity 21146K, committed 21296K, reserved 1067008K
  class space    used 2958K, capacity 3123K, committed 3200K, reserved 1048576K
}
Event: 3.915 GC heap before
{Heap before GC invocations=8 (full 1):
 PSYoungGen      total 75264K, used 65536K [0x00000000e0000000, 0x00000000e5400000, 0x0000000100000000)
  eden space 65536K, 100% used [0x00000000e0000000,0x00000000e4000000,0x00000000e4000000)
  from space 9728K, 0% used [0x00000000e4a80000,0x00000000e4a80000,0x00000000e5400000)
  to   space 10240K, 0% used [0x00000000e4000000,0x00000000e4000000,0x00000000e4a00000)
 ParOldGen       total 56320K, used 8418K [0x00000000a0000000, 0x00000000a3700000, 0x00000000e0000000)
  object space 56320K, 14% used [0x00000000a0000000,0x00000000a0838930,0x00000000a3700000)
 Metaspace       used 28899K, capacity 29486K, committed 29824K, reserved 1075200K
  class space    used 3913K, capacity 4100K, committed 4224K, reserved 1048576K
Event: 3.929 GC heap after
Heap after GC invocations=8 (full 1):
 PSYoungGen      total 75776K, used 7966K [0x00000000e0000000, 0x00000000e8000000, 0x0000000100000000)
  eden space 65536K, 0% used [0x00000000e0000000,0x00000000e0000000,0x00000000e4000000)
  from space 10240K, 77% used [0x00000000e4000000,0x00000000e47c7a90,0x00000000e4a00000)
  to   space 10752K, 0% used [0x00000000e7580000,0x00000000e7580000,0x00000000e8000000)
 ParOldGen       total 56320K, used 8426K [0x00000000a0000000, 0x00000000a3700000, 0x00000000e0000000)
  object space 56320K, 14% used [0x00000000a0000000,0x00000000a083a930,0x00000000a3700000)
 Metaspace       used 28899K, capacity 29486K, committed 29824K, reserved 1075200K
  class space    used 3913K, capacity 4100K, committed 4224K, reserved 1048576K
}
Event: 4.469 GC heap before
{Heap before GC invocations=9 (full 1):
 PSYoungGen      total 75776K, used 73502K [0x00000000e0000000, 0x00000000e8000000, 0x0000000100000000)
  eden space 65536K, 100% used [0x00000000e0000000,0x00000000e4000000,0x00000000e4000000)
  from space 10240K, 77% used [0x00000000e4000000,0x00000000e47c7a90,0x00000000e4a00000)
  to   space 10752K, 0% used [0x00000000e7580000,0x00000000e7580000,0x00000000e8000000)
 ParOldGen       total 56320K, used 8426K [0x00000000a0000000, 0x00000000a3700000, 0x00000000e0000000)
  object space 56320K, 14% used [0x00000000a0000000,0x00000000a083a930,0x00000000a3700000)
 Metaspace       used 32154K, capacity 32722K, committed 33152K, reserved 1077248K
  class space    used 4442K, capacity 4624K, committed 4736K, reserved 1048576K
Event: 4.481 GC heap after
Heap after GC invocations=9 (full 1):
 PSYoungGen      total 119296K, used 8459K [0x00000000e0000000, 0x00000000e7f80000, 0x0000000100000000)
  eden space 109056K, 0% used [0x00000000e0000000,0x00000000e0000000,0x00000000e6a80000)
  from space 10240K, 82% used [0x00000000e7580000,0x00000000e7dc2c38,0x00000000e7f80000)
  to   space 10752K, 0% used [0x00000000e6a80000,0x00000000e6a80000,0x00000000e7500000)
 ParOldGen       total 56320K, used 8434K [0x00000000a0000000, 0x00000000a3700000, 0x00000000e0000000)
  object space 56320K, 14% used [0x00000000a0000000,0x00000000a083c930,0x00000000a3700000)
 Metaspace       used 32154K, capacity 32722K, committed 33152K, reserved 1077248K
  class space    used 4442K, capacity 4624K, committed 4736K, reserved 1048576K
}
Event: 5.228 GC heap before
{Heap before GC invocations=10 (full 1):
 PSYoungGen      total 119296K, used 60743K [0x00000000e0000000, 0x00000000e7f80000, 0x0000000100000000)
  eden space 109056K, 47% used [0x00000000e0000000,0x00000000e330f1b0,0x00000000e6a80000)
  from space 10240K, 82% used [0x00000000e7580000,0x00000000e7dc2c38,0x00000000e7f80000)
  to   space 10752K, 0% used [0x00000000e6a80000,0x00000000e6a80000,0x00000000e7500000)
 ParOldGen       total 56320K, used 8434K [0x00000000a0000000, 0x00000000a3700000, 0x00000000e0000000)
  object space 56320K, 14% used [0x00000000a0000000,0x00000000a083c930,0x00000000a3700000)
 Metaspace       used 34668K, capacity 35434K, committed 35496K, reserved 1079296K
  class space    used 4790K, capacity 5000K, committed 5032K, reserved 1048576K
Event: 5.248 GC heap after
Heap after GC invocations=10 (full 1):
 PSYoungGen      total 119808K, used 10097K [0x00000000e0000000, 0x00000000e7f80000, 0x0000000100000000)
  eden space 109056K, 0% used [0x00000000e0000000,0x00000000e0000000,0x00000000e6a80000)
  from space 10752K, 93% used [0x00000000e6a80000,0x00000000e745c520,0x00000000e7500000)
  to   space 10240K, 0% used [0x00000000e7580000,0x00000000e7580000,0x00000000e7f80000)
 ParOldGen       total 56320K, used 8442K [0x00000000a0000000, 0x00000000a3700000, 0x00000000e0000000)
  object space 56320K, 14% used [0x00000000a0000000,0x00000000a083e930,0x00000000a3700000)
 Metaspace       used 34668K, capacity 35434K, committed 35496K, reserved 1079296K
  class space    used 4790K, capacity 5000K, committed 5032K, reserved 1048576K
}
Event: 5.248 GC heap before
{Heap before GC invocations=11 (full 2):
 PSYoungGen      total 119808K, used 10097K [0x00000000e0000000, 0x00000000e7f80000, 0x0000000100000000)
  eden space 109056K, 0% used [0x00000000e0000000,0x00000000e0000000,0x00000000e6a80000)
  from space 10752K, 93% used [0x00000000e6a80000,0x00000000e745c520,0x00000000e7500000)
  to   space 10240K, 0% used [0x00000000e7580000,0x00000000e7580000,0x00000000e7f80000)
 ParOldGen       total 56320K, used 8442K [0x00000000a0000000, 0x00000000a3700000, 0x00000000e0000000)
  object space 56320K, 14% used [0x00000000a0000000,0x00000000a083e930,0x00000000a3700000)
 Metaspace       used 34668K, capacity 35434K, committed 35496K, reserved 1079296K
  class space    used 4790K, capacity 5000K, committed 5032K, reserved 1048576K
Event: 5.329 GC heap after
Heap after GC invocations=11 (full 2):
 PSYoungGen      total 119808K, used 0K [0x00000000e0000000, 0x00000000e7f80000, 0x0000000100000000)
  eden space 109056K, 0% used [0x00000000e0000000,0x00000000e0000000,0x00000000e6a80000)
  from space 10752K, 0% used [0x00000000e6a80000,0x00000000e6a80000,0x00000000e7500000)
  to   space 10240K, 0% used [0x00000000e7580000,0x00000000e7580000,0x00000000e7f80000)
 ParOldGen       total 85504K, used 16957K [0x00000000a0000000, 0x00000000a5380000, 0x00000000e0000000)
  object space 85504K, 19% used [0x00000000a0000000,0x00000000a108f7f0,0x00000000a5380000)
 Metaspace       used 34657K, capacity 35398K, committed 35496K, reserved 1079296K
  class space    used 4787K, capacity 4994K, committed 5032K, reserved 1048576K
}

Deoptimization events (10 events):
Event: 4.776 Thread 0x00000000190d1800 Uncommon trap: reason=class_check action=maybe_recompile pc=0x0000000002bd9260 method=java.util.concurrent.ConcurrentHashMap.putVal(Ljava/lang/Object;Ljava/lang/Object;Z)Ljava/lang/Object; @ 192
Event: 4.802 Thread 0x000000001c1b5800 Uncommon trap: reason=class_check action=maybe_recompile pc=0x0000000002bd9260 method=java.util.concurrent.ConcurrentHashMap.putVal(Ljava/lang/Object;Ljava/lang/Object;Z)Ljava/lang/Object; @ 192
Event: 4.811 Thread 0x000000001c1b4800 Uncommon trap: reason=unstable_if action=reinterpret pc=0x0000000002afc31c method=java.util.concurrent.ConcurrentHashMap.addCount(JI)V @ 34
Event: 4.812 Thread 0x000000001c1b5800 Uncommon trap: reason=unstable_if action=reinterpret pc=0x0000000002bd90c0 method=java.util.concurrent.ConcurrentHashMap.addCount(JI)V @ 7
Event: 4.836 Thread 0x000000001c1b7800 Uncommon trap: reason=unstable_if action=reinterpret pc=0x0000000002b096d4 method=java.util.concurrent.ConcurrentHashMap.transfer([Ljava/util/concurrent/ConcurrentHashMap$Node;[Ljava/util/concurrent/ConcurrentHashMap$Node;)V @ 34
Event: 4.836 Thread 0x000000001c1b5800 Uncommon trap: reason=unstable_if action=reinterpret pc=0x0000000002b09704 method=java.util.concurrent.ConcurrentHashMap.transfer([Ljava/util/concurrent/ConcurrentHashMap$Node;[Ljava/util/concurrent/ConcurrentHashMap$Node;)V @ 277
Event: 5.120 Thread 0x00000000190d1800 Uncommon trap: reason=range_check action=make_not_entrant pc=0x0000000002fbb26c method=java.lang.String.charAt(I)C @ 27
Event: 5.434 Thread 0x00000000190d1800 Uncommon trap: reason=unstable_if action=reinterpret pc=0x0000000002c51af8 method=java.io.BufferedInputStream.read([BII)I @ 56
Event: 5.435 Thread 0x00000000190d1800 Uncommon trap: reason=unstable_if action=reinterpret pc=0x0000000002b33750 method=java.util.regex.Pattern.has(I)Z @ 6
Event: 5.495 Thread 0x00000000190d1800 Uncommon trap: reason=unstable_if action=reinterpret pc=0x00000000030a3f64 method=java.lang.Integer.valueOf(I)Ljava/lang/Integer; @ 3

Classes redefined (0 events):
No events

Internal exceptions (10 events):
Event: 5.164 Thread 0x00000000190d1800 Exception <a 'java/lang/ClassNotFoundException': org/gradle/api/internal/AbstractTaskBeanInfo> (0x00000000e2e5c660) thrown at [D:\src\AOSP-openjdk-cygwin\jdk8u\hotspot\src\share\vm\classfile\systemDictionary.cpp, line 210]
Event: 5.165 Thread 0x00000000190d1800 Exception <a 'java/lang/ClassNotFoundException': org/gradle/api/internal/AbstractTaskCustomizer> (0x00000000e2e8b640) thrown at [D:\src\AOSP-openjdk-cygwin\jdk8u\hotspot\src\share\vm\classfile\systemDictionary.cpp, line 210]
Event: 5.172 Thread 0x00000000190d1800 Exception <a 'java/lang/ClassNotFoundException': org/gradle/api/DefaultTaskCustomizer> (0x00000000e2f140a0) thrown at [D:\src\AOSP-openjdk-cygwin\jdk8u\hotspot\src\share\vm\classfile\systemDictionary.cpp, line 210]
Event: 5.174 Thread 0x00000000190d1800 Exception <a 'java/lang/ClassNotFoundException': org/gradle/api/internal/ConventionTaskCustomizer> (0x00000000e2f525a8) thrown at [D:\src\AOSP-openjdk-cygwin\jdk8u\hotspot\src\share\vm\classfile\systemDictionary.cpp, line 210]
Event: 5.175 Thread 0x00000000190d1800 Exception <a 'java/lang/ClassNotFoundException': org/gradle/api/tasks/DeleteCustomizer> (0x00000000e2f8df60) thrown at [D:\src\AOSP-openjdk-cygwin\jdk8u\hotspot\src\share\vm\classfile\systemDictionary.cpp, line 210]
Event: 5.177 Thread 0x00000000190d1800 Exception <a 'java/lang/ClassNotFoundException': org/gradle/api/tasks/Delete_DecoratedCustomizer> (0x00000000e2fd6a18) thrown at [D:\src\AOSP-openjdk-cygwin\jdk8u\hotspot\src\share\vm\classfile\systemDictionary.cpp, line 210]
Event: 5.198 Thread 0x00000000190d1800 Exception <a 'java/lang/ClassNotFoundException': build_cns07co46nwbpow8e3wpyj44zBeanInfo> (0x00000000e30e2280) thrown at [D:\src\AOSP-openjdk-cygwin\jdk8u\hotspot\src\share\vm\classfile\systemDictionary.cpp, line 210]
Event: 5.198 Thread 0x00000000190d1800 Exception <a 'java/lang/ClassNotFoundException': build_cns07co46nwbpow8e3wpyj44zCustomizer> (0x00000000e30ede48) thrown at [D:\src\AOSP-openjdk-cygwin\jdk8u\hotspot\src\share\vm\classfile\systemDictionary.cpp, line 210]
Event: 5.202 Thread 0x00000000190d1800 Exception <a 'java/lang/ClassNotFoundException': org/gradle/api/internal/plugins/DefaultObjectConfigurationActionBeanInfo> (0x00000000e315ce48) thrown at [D:\src\AOSP-openjdk-cygwin\jdk8u\hotspot\src\share\vm\classfile\systemDictionary.cpp, line 210]
Event: 5.202 Thread 0x00000000190d1800 Exception <a 'java/lang/ClassNotFoundException': org/gradle/api/internal/plugins/DefaultObjectConfigurationActionCustomizer> (0x00000000e3199fe8) thrown at [D:\src\AOSP-openjdk-cygwin\jdk8u\hotspot\src\share\vm\classfile\systemDictionary.cpp, line 210]

Events (10 events):
Event: 5.503 loading class com/sun/jmx/mbeanserver/DefaultMXBeanMappingFactory$EnumMapping
Event: 5.503 loading class com/sun/jmx/mbeanserver/DefaultMXBeanMappingFactory$EnumMapping done
Event: 5.504 loading class java/lang/management/OperatingSystemMXBean
Event: 5.504 loading class java/lang/management/OperatingSystemMXBean done
Event: 5.504 loading class sun/management/OperatingSystemImpl
Event: 5.504 loading class com/sun/management/OperatingSystemMXBean
Event: 5.504 loading class com/sun/management/OperatingSystemMXBean done
Event: 5.505 loading class sun/management/BaseOperatingSystemImpl
Event: 5.505 loading class sun/management/BaseOperatingSystemImpl done
Event: 5.505 loading class sun/management/OperatingSystemImpl done


Dynamic libraries:
0x00007ff611ef0000 - 0x00007ff611f21000 	C:\Program Files\Android\Android Studio\jre\bin\java.exe
0x00007fffdc680000 - 0x00007fffdc870000 	C:\WINDOWS\SYSTEM32\ntdll.dll
0x00007fffd4380000 - 0x00007fffd4394000 	C:\Program Files\AVAST Software\Avast\aswhook.dll
0x00007fffdbb50000 - 0x00007fffdbc02000 	C:\WINDOWS\System32\KERNEL32.DLL
0x00007fffd9660000 - 0x00007fffd9903000 	C:\WINDOWS\System32\KERNELBASE.dll
0x00007fffdba30000 - 0x00007fffdbad3000 	C:\WINDOWS\System32\ADVAPI32.dll
0x00007fffdb440000 - 0x00007fffdb4de000 	C:\WINDOWS\System32\msvcrt.dll
0x00007fffda730000 - 0x00007fffda7c7000 	C:\WINDOWS\System32\sechost.dll
0x00007fffdab20000 - 0x00007fffdac40000 	C:\WINDOWS\System32\RPCRT4.dll
0x00007fffdc3d0000 - 0x00007fffdc564000 	C:\WINDOWS\System32\USER32.dll
0x00007fffda680000 - 0x00007fffda6a1000 	C:\WINDOWS\System32\win32u.dll
0x00007fffdb0d0000 - 0x00007fffdb0f6000 	C:\WINDOWS\System32\GDI32.dll
0x00007fffda440000 - 0x00007fffda5d4000 	C:\WINDOWS\System32\gdi32full.dll
0x00007fffda5e0000 - 0x00007fffda67e000 	C:\WINDOWS\System32\msvcp_win.dll
0x00007fffda1f0000 - 0x00007fffda2ea000 	C:\WINDOWS\System32\ucrtbase.dll
0x00007fffc7500000 - 0x00007fffc7785000 	C:\WINDOWS\WinSxS\amd64_microsoft.windows.common-controls_6595b64144ccf1df_6.0.18362.535_none_e6c3b34713100821\COMCTL32.dll
0x00007fffdb6f0000 - 0x00007fffdba26000 	C:\WINDOWS\System32\combase.dll
0x00007fffda6b0000 - 0x00007fffda730000 	C:\WINDOWS\System32\bcryptPrimitives.dll
0x00007fffdb360000 - 0x00007fffdb38e000 	C:\WINDOWS\System32\IMM32.DLL
0x000000006bb60000 - 0x000000006bc32000 	C:\Program Files\Android\Android Studio\jre\jre\bin\msvcr100.dll
0x000000006bd20000 - 0x000000006c566000 	C:\Program Files\Android\Android Studio\jre\jre\bin\server\jvm.dll
0x00007fffda7d0000 - 0x00007fffda7d8000 	C:\WINDOWS\System32\PSAPI.DLL
0x00007fffc8690000 - 0x00007fffc8699000 	C:\WINDOWS\SYSTEM32\WSOCK32.dll
0x00007fffdb680000 - 0x00007fffdb6ef000 	C:\WINDOWS\System32\WS2_32.dll
0x00007fffd66a0000 - 0x00007fffd66c4000 	C:\WINDOWS\SYSTEM32\WINMM.dll
0x00007fffcdab0000 - 0x00007fffcdaba000 	C:\WINDOWS\SYSTEM32\VERSION.dll
0x00007fffd65d0000 - 0x00007fffd65fd000 	C:\WINDOWS\SYSTEM32\WINMMBASE.dll
0x00007fffd9610000 - 0x00007fffd965a000 	C:\WINDOWS\System32\cfgmgr32.dll
0x00007fffd3fe0000 - 0x00007fffd3fef000 	C:\Program Files\Android\Android Studio\jre\jre\bin\verify.dll
0x00007fffd37d0000 - 0x00007fffd37f9000 	C:\Program Files\Android\Android Studio\jre\jre\bin\java.dll
0x00007fffd27f0000 - 0x00007fffd2806000 	C:\Program Files\Android\Android Studio\jre\jre\bin\zip.dll
0x00007fffdbce0000 - 0x00007fffdc3c5000 	C:\WINDOWS\System32\SHELL32.dll
0x00007fffdb390000 - 0x00007fffdb439000 	C:\WINDOWS\System32\shcore.dll
0x00007fffd99c0000 - 0x00007fffda13f000 	C:\WINDOWS\System32\windows.storage.dll
0x00007fffd95f0000 - 0x00007fffd960f000 	C:\WINDOWS\System32\profapi.dll
0x00007fffd9580000 - 0x00007fffd95ca000 	C:\WINDOWS\System32\powrprof.dll
0x00007fffd9550000 - 0x00007fffd9560000 	C:\WINDOWS\System32\UMPDC.dll
0x00007fffdb5c0000 - 0x00007fffdb612000 	C:\WINDOWS\System32\shlwapi.dll
0x00007fffd9560000 - 0x00007fffd9571000 	C:\WINDOWS\System32\kernel.appcore.dll
0x00007fffda140000 - 0x00007fffda157000 	C:\WINDOWS\System32\cryptsp.dll
0x00007fffd27d0000 - 0x00007fffd27ea000 	C:\Program Files\Android\Android Studio\jre\jre\bin\net.dll
0x00007fffd8d60000 - 0x00007fffd8dc7000 	C:\WINDOWS\system32\mswsock.dll
0x00007fffd3820000 - 0x00007fffd3831000 	C:\Program Files\Android\Android Studio\jre\jre\bin\nio.dll
0x00007fffd22c0000 - 0x00007fffd22e6000 	C:\Users\ardi_\.gradle\native\29\windows-amd64\native-platform.dll
0x00007fffd3810000 - 0x00007fffd381d000 	C:\Program Files\Android\Android Studio\jre\jre\bin\management.dll
0x00007fffd88d0000 - 0x00007fffd8903000 	C:\WINDOWS\system32\rsaenh.dll
0x00007fffda1c0000 - 0x00007fffda1e6000 	C:\WINDOWS\System32\bcrypt.dll
0x00007fffd9440000 - 0x00007fffd9465000 	C:\WINDOWS\SYSTEM32\USERENV.dll
0x00007fffd8f30000 - 0x00007fffd8f3c000 	C:\WINDOWS\SYSTEM32\CRYPTBASE.dll
0x00007fffd8a70000 - 0x00007fffd8aaa000 	C:\WINDOWS\SYSTEM32\IPHLPAPI.DLL
0x00007fffdb0c0000 - 0x00007fffdb0c8000 	C:\WINDOWS\System32\NSI.dll
0x00007fffcd750000 - 0x00007fffcd766000 	C:\WINDOWS\SYSTEM32\dhcpcsvc6.DLL
0x00007fffcda20000 - 0x00007fffcda3c000 	C:\WINDOWS\SYSTEM32\dhcpcsvc.DLL
0x00007fffd8ab0000 - 0x00007fffd8b7a000 	C:\WINDOWS\SYSTEM32\DNSAPI.dll

VM Arguments:
jvm_args: -Xmx1536m -Dfile.encoding=windows-1252 -Duser.country=CH -Duser.language=de -Duser.variant 
java_command: org.gradle.launcher.daemon.bootstrap.GradleDaemon 5.4.1
java_class_path (initial): C:\Users\ardi_\.gradle\wrapper\dists\gradle-5.4.1-all\3221gyojl5jsh0helicew7rwx\gradle-5.4.1\lib\gradle-launcher-5.4.1.jar
Launcher Type: SUN_STANDARD

Environment Variables:
JAVA_HOME=C:\Program Files\Java\jdk1.8.0_221
PATH=C:\Program Files (x86)\Common Files\Oracle\Java\javapath;C:\ProgramData\Oracle\Java\javapath;C:\Program Files (x86)\Intel\iCLS Client\;C:\Program Files\Intel\iCLS Client\;C:\WINDOWS\system32;C:\WINDOWS;C:\WINDOWS\System32\Wbem;C:\WINDOWS\System32\WindowsPowerShell\v1.0\;C:\Program Files (x86)\Intel\Intel(R) Management Engine Components\DAL;C:\Program Files\Intel\Intel(R) Management Engine Components\DAL;C:\Program Files (x86)\Intel\Intel(R) Management Engine Components\IPT;C:\Program Files\Intel\Intel(R) Management Engine Components\IPT;C:\WINDOWS\System32\OpenSSH\;C:\Program Files\nodejs\;C:\Program Files\Git\cmd;C:\Users\ardi_\AppData\Local\Microsoft\WindowsApps;%DASHLANE_DLL_DIR%;C:\Users\ardi_\AppData\Roaming\npm;C:\Users\ardi_\AppData\Local\Programs\Microsoft VS Code\bin;C:\Users\ardi_\Downloads\gradle-5.6.2-all\gradle-5.6.2\bin;
USERNAME=ardi_
OS=Windows_NT
PROCESSOR_IDENTIFIER=Intel64 Family 6 Model 142 Stepping 9, GenuineIntel



---------------  S Y S T E M  ---------------

OS: Windows 10.0 , 64 bit Build 18362 (10.0.18362.329)

CPU:total 4 (initial active 4) (2 cores per cpu, 2 threads per core) family 6 model 142 stepping 9, cmov, cx8, fxsr, mmx, sse, sse2, sse3, ssse3, sse4.1, sse4.2, popcnt, avx, avx2, aes, clmul, erms, 3dnowpref, lzcnt, ht, tsc, tscinvbit, bmi1, bmi2, adx

Memory: 4k page, physical 8232108k(2689996k free), swap 8232108k(6160k free)

vm_info: OpenJDK 64-Bit Server VM (25.202-b03) for windows-amd64 JRE (1.8.0_202-release-1483-b03), built by "builder" with MS VC++ 10.0 (VS2010)

time: Sat Dec 28 21:59:50 2019
timezone: Mitteleuropäische Zeit
elapsed time: 5 seconds (0d 0h 0m 5s)

